<?xml version="1.0" encoding="UTF-8"?>
<testsuite xmlns:xsi="http://www.w3.org/2001/XMLSchema-instance" xsi:noNamespaceSchemaLocation="https://maven.apache.org/surefire/maven-surefire-plugin/xsd/surefire-test-report.xsd" version="3.0.2" name="edu.vwcc.jdbc.PurchaseIntegrationTests" time="1.723" tests="9" errors="0" skipped="0" failures="0">
  <properties>
[...]
</properties>
  <testcase name="testCountPurchases" classname="edu.vwcc.jdbc.PurchaseIntegrationTests" time="0.094">
    <system-out><![CDATA[09:16:55.270 [main] INFO org.springframework.test.context.support.AnnotationConfigContextLoaderUtils -- Could not detect default configuration classes for test class [edu.vwcc.jdbc.PurchaseIntegrationTests]: PurchaseIntegrationTests does not declare any static, non-private, non-final, nested classes annotated with @Configuration.
09:16:55.350 [main] INFO org.springframework.boot.test.context.SpringBootTestContextBootstrapper -- Found @SpringBootConfiguration edu.vwcc.jdbc.JdbcApplication for test class edu.vwcc.jdbc.PurchaseIntegrationTests
09:16:55.451 [main] INFO org.springframework.boot.devtools.restart.RestartApplicationListener -- Restart disabled due to context in which it is running

  .   ____          _            __ _ _
 /\\ / ___'_ __ _ _(_)_ __  __ _ \ \ \ \
( ( )\___ | '_ | '_| | '_ \/ _` | \ \ \ \
 \\/  ___)| |_)| | | | | || (_| |  ) ) ) )
  '  |____| .__|_| |_|_| |_\__, | / / / /
 =========|_|==============|___/=/_/_/_/

 :: Spring Boot ::                (v3.4.4)

2026-04-20T09:16:55.613-04:00  INFO 17832 --- [SPILCA_CH12] [           main] edu.vwcc.jdbc.PurchaseIntegrationTests   : Starting PurchaseIntegrationTests using Java 21.0.10 with PID 17832 (started by tmsdr in C:\Users\tmsdr\eclipse-workspace\purchases-app.zip_expanded\SPILCA_CH12)
2026-04-20T09:16:55.614-04:00  INFO 17832 --- [SPILCA_CH12] [           main] edu.vwcc.jdbc.PurchaseIntegrationTests   : The following 1 profile is active: "dev"
2026-04-20T09:16:56.144-04:00  INFO 17832 --- [SPILCA_CH12] [           main] com.zaxxer.hikari.HikariDataSource       : HikariPool-1 - Starting...
2026-04-20T09:16:56.243-04:00  INFO 17832 --- [SPILCA_CH12] [           main] com.zaxxer.hikari.pool.HikariPool        : HikariPool-1 - Added connection conn0: url=jdbc:h2:mem:purchasedb user=SA
2026-04-20T09:16:56.246-04:00  INFO 17832 --- [SPILCA_CH12] [           main] com.zaxxer.hikari.HikariDataSource       : HikariPool-1 - Start completed.
2026-04-20T09:16:56.657-04:00  INFO 17832 --- [SPILCA_CH12] [           main] o.s.b.t.m.w.SpringBootMockServletContext : Initializing Spring TestDispatcherServlet ''
2026-04-20T09:16:56.657-04:00  INFO 17832 --- [SPILCA_CH12] [           main] o.s.t.web.servlet.TestDispatcherServlet  : Initializing Servlet ''
2026-04-20T09:16:56.658-04:00  INFO 17832 --- [SPILCA_CH12] [           main] o.s.t.web.servlet.TestDispatcherServlet  : Completed initialization in 0 ms
2026-04-20T09:16:56.673-04:00  INFO 17832 --- [SPILCA_CH12] [           main] edu.vwcc.jdbc.PurchaseIntegrationTests   : Started PurchaseIntegrationTests in 1.227 seconds (process running for 2.34)
2026-04-20T09:16:56.724-04:00  INFO 17832 --- [SPILCA_CH12] [           main] edu.vwcc.jdbc.logging.LoggingAspect      : Entering method: PurchaseRepository.countAllPurchases()
2026-04-20T09:16:56.747-04:00  INFO 17832 --- [SPILCA_CH12] [           main] edu.vwcc.jdbc.logging.LoggingAspect      : Exited method: PurchaseRepository.countAllPurchases()
]]></system-out>
  </testcase>
  <testcase name="testGetPurchases" classname="edu.vwcc.jdbc.PurchaseIntegrationTests" time="0.05">
    <system-out><![CDATA[2026-04-20T09:16:56.778-04:00  INFO 17832 --- [SPILCA_CH12] [           main] edu.vwcc.jdbc.logging.LoggingAspect      : Entering method: PurchaseRepository.findAllPurchases()
2026-04-20T09:16:56.781-04:00  INFO 17832 --- [SPILCA_CH12] [           main] edu.vwcc.jdbc.logging.LoggingAspect      : Exited method: PurchaseRepository.findAllPurchases()
]]></system-out>
  </testcase>
  <testcase name="testDeletePurchaseById" classname="edu.vwcc.jdbc.PurchaseIntegrationTests" time="0.019">
    <system-out><![CDATA[2026-04-20T09:16:56.833-04:00  INFO 17832 --- [SPILCA_CH12] [           main] edu.vwcc.jdbc.logging.LoggingAspect      : Entering method: PurchaseRepository.deletePurchaseById(..)
2026-04-20T09:16:56.838-04:00  INFO 17832 --- [SPILCA_CH12] [           main] edu.vwcc.jdbc.logging.LoggingAspect      : Exited method: PurchaseRepository.deletePurchaseById(..)
2026-04-20T09:16:56.839-04:00  INFO 17832 --- [SPILCA_CH12] [           main] edu.vwcc.jdbc.logging.LoggingAspect      : Entering method: PurchaseRepository.findPurchaseById(..)
2026-04-20T09:16:56.840-04:00  INFO 17832 --- [SPILCA_CH12] [           main] edu.vwcc.jdbc.logging.LoggingAspect      : Exited method: PurchaseRepository.findPurchaseById(..)
2026-04-20T09:16:56.843-04:00  INFO 17832 --- [SPILCA_CH12] [           main] edu.vwcc.jdbc.logging.LoggingAspect      : Entering method: PurchaseRepository.countAllPurchases()
2026-04-20T09:16:56.843-04:00  INFO 17832 --- [SPILCA_CH12] [           main] edu.vwcc.jdbc.logging.LoggingAspect      : Exited method: PurchaseRepository.countAllPurchases()
]]></system-out>
  </testcase>
  <testcase name="testGetAvgPurchasePrice" classname="edu.vwcc.jdbc.PurchaseIntegrationTests" time="0.006">
    <system-out><![CDATA[2026-04-20T09:16:56.847-04:00  INFO 17832 --- [SPILCA_CH12] [           main] edu.vwcc.jdbc.logging.LoggingAspect      : Entering method: PurchaseRepository.getAvgPurchasePrice()
2026-04-20T09:16:56.849-04:00  INFO 17832 --- [SPILCA_CH12] [           main] edu.vwcc.jdbc.logging.LoggingAspect      : Exited method: PurchaseRepository.getAvgPurchasePrice()
]]></system-out>
  </testcase>
  <testcase name="testUpdatePurchaseToNoCost" classname="edu.vwcc.jdbc.PurchaseIntegrationTests" time="0.007">
    <system-out><![CDATA[2026-04-20T09:16:56.853-04:00  INFO 17832 --- [SPILCA_CH12] [           main] edu.vwcc.jdbc.logging.LoggingAspect      : Entering method: PurchaseRepository.updatePurchaseToNoCost(..)
2026-04-20T09:16:56.854-04:00  INFO 17832 --- [SPILCA_CH12] [           main] edu.vwcc.jdbc.logging.LoggingAspect      : Exited method: PurchaseRepository.updatePurchaseToNoCost(..)
2026-04-20T09:16:56.855-04:00  INFO 17832 --- [SPILCA_CH12] [           main] edu.vwcc.jdbc.logging.LoggingAspect      : Entering method: PurchaseRepository.findPurchaseById(..)
2026-04-20T09:16:56.855-04:00  INFO 17832 --- [SPILCA_CH12] [           main] edu.vwcc.jdbc.logging.LoggingAspect      : Exited method: PurchaseRepository.findPurchaseById(..)
2026-04-20T09:16:56.857-04:00  INFO 17832 --- [SPILCA_CH12] [           main] edu.vwcc.jdbc.logging.LoggingAspect      : Entering method: PurchaseRepository.getTotalRevenue()
2026-04-20T09:16:56.858-04:00  INFO 17832 --- [SPILCA_CH12] [           main] edu.vwcc.jdbc.logging.LoggingAspect      : Exited method: PurchaseRepository.getTotalRevenue()
]]></system-out>
  </testcase>
  <testcase name="testFindPurchaseByIdNotFound" classname="edu.vwcc.jdbc.PurchaseIntegrationTests" time="0.003">
    <system-out><![CDATA[2026-04-20T09:16:56.861-04:00  INFO 17832 --- [SPILCA_CH12] [           main] edu.vwcc.jdbc.logging.LoggingAspect      : Entering method: PurchaseRepository.findPurchaseById(..)
2026-04-20T09:16:56.862-04:00  INFO 17832 --- [SPILCA_CH12] [           main] edu.vwcc.jdbc.logging.LoggingAspect      : Exited method: PurchaseRepository.findPurchaseById(..)
]]></system-out>
  </testcase>
  <testcase name="testGetTotalSales" classname="edu.vwcc.jdbc.PurchaseIntegrationTests" time="0.002">
    <system-out><![CDATA[2026-04-20T09:16:56.865-04:00  INFO 17832 --- [SPILCA_CH12] [           main] edu.vwcc.jdbc.logging.LoggingAspect      : Entering method: PurchaseRepository.getTotalRevenue()
2026-04-20T09:16:56.865-04:00  INFO 17832 --- [SPILCA_CH12] [           main] edu.vwcc.jdbc.logging.LoggingAspect      : Exited method: PurchaseRepository.getTotalRevenue()
]]></system-out>
  </testcase>
  <testcase name="testFindPurchaseById" classname="edu.vwcc.jdbc.PurchaseIntegrationTests" time="0.003">
    <system-out><![CDATA[2026-04-20T09:16:56.868-04:00  INFO 17832 --- [SPILCA_CH12] [           main] edu.vwcc.jdbc.logging.LoggingAspect      : Entering method: PurchaseRepository.findPurchaseById(..)
2026-04-20T09:16:56.868-04:00  INFO 17832 --- [SPILCA_CH12] [           main] edu.vwcc.jdbc.logging.LoggingAspect      : Exited method: PurchaseRepository.findPurchaseById(..)
]]></system-out>
  </testcase>
  <testcase name="testStorePurchase" classname="edu.vwcc.jdbc.PurchaseIntegrationTests" time="0.025">
    <system-out><![CDATA[2026-04-20T09:16:56.891-04:00  INFO 17832 --- [SPILCA_CH12] [           main] edu.vwcc.jdbc.logging.LoggingAspect      : Entering method: PurchaseRepository.storePurchase(..)
2026-04-20T09:16:56.892-04:00  INFO 17832 --- [SPILCA_CH12] [           main] edu.vwcc.jdbc.logging.LoggingAspect      : Exited method: PurchaseRepository.storePurchase(..)
2026-04-20T09:16:56.893-04:00  INFO 17832 --- [SPILCA_CH12] [           main] edu.vwcc.jdbc.logging.LoggingAspect      : Entering method: PurchaseRepository.findAllPurchases()
2026-04-20T09:16:56.893-04:00  INFO 17832 --- [SPILCA_CH12] [           main] edu.vwcc.jdbc.logging.LoggingAspect      : Exited method: PurchaseRepository.findAllPurchases()
]]></system-out>
  </testcase>
</testsuite>